Bad Checksum - idPage: 0, tyPage: 0, iPage: 0
Source      : F:\Blood Bank Management System\Blood Bank Management System\database\db_BloodBank.mdf
Destination : C:\DOCUME~1\SUHAS\LOCALS~1\Temp\sqlC.tmp
Repairing - verMajor: 1, verMinor: 0, verBuild: 0, verPoint: 0
Time - 2014-10-12 15:35:24.906
Database format in database header page is corrupt (or not a database file)
Bad Checksum - idPage: 0, tyPage: 0, iPage: 47
Bad Checksum - idPage: 1, tyPage: 0, iPage: 39
Bad Checksum - idPage: 2, tyPage: 0, iPage: 391
Bad Checksum - idPage: 5, tyPage: 0, iPage: 117
Bad Checksum - idPage: 8, tyPage: 0, iPage: 327
Bad Checksum - idPage: 10, tyPage: 0, iPage: 215
Bad Checksum - idPage: 13, tyPage: 0, iPage: 103
Bad Checksum - idPage: 16, tyPage: 0, iPage: 81
Bad Checksum - idPage: 63, tyPage: 0, iPage: 353
Bad Checksum - idPage: 96, tyPage: 0, iPage: 87
Bad Checksum - idPage: 256, tyPage: 0, iPage: 69
Bad Checksum - idPage: 512, tyPage: 0, iPage: 394
Bad Checksum - idPage: 514, tyPage: 0, iPage: 122
Bad Checksum - idPage: 518, tyPage: 0, iPage: 64
Bad Checksum - idPage: 1024, tyPage: 0, iPage: 285
Bad Checksum - idPage: 1087, tyPage: 0, iPage: 55
Bad Checksum - idPage: 2778, tyPage: 0, iPage: 127
Bad Checksum - idPage: 3438, tyPage: 0, iPage: 257
Bad Checksum - idPage: 4096, tyPage: 0, iPage: 303
Bad Checksum - idPage: 4224, tyPage: 0, iPage: 135
Bad Checksum - idPage: 8192, tyPage: 0, iPage: 123
Bad Checksum - idPage: 9984, tyPage: 0, iPage: 119
Bad Checksum - idPage: 10240, tyPage: 0, iPage: 149
Bad Checksum - idPage: 11318, tyPage: 0, iPage: 253
Bad Checksum - idPage: 11776, tyPage: 0, iPage: 17
Bad Checksum - idPage: 12288, tyPage: 0, iPage: 249
Bad Checksum - idPage: 14392, tyPage: 0, iPage: 109
Bad Checksum - idPage: 16896, tyPage: 0, iPage: 270
Bad Checksum - idPage: 18688, tyPage: 0, iPage: 295
Bad Checksum - idPage: 24320, tyPage: 0, iPage: 355
Bad Checksum - idPage: 25856, tyPage: 0, iPage: 97
Bad Checksum - idPage: 26624, tyPage: 0, iPage: 107
Bad Checksum - idPage: 27904, tyPage: 0, iPage: 113
Bad Checksum - idPage: 33280, tyPage: 0, iPage: 396
Bad Checksum - idPage: 33282, tyPage: 0, iPage: 124
Bad Checksum - idPage: 33288, tyPage: 0, iPage: 316
Bad Checksum - idPage: 49664, tyPage: 0, iPage: 74
Bad Checksum - idPage: 65536, tyPage: 0, iPage: 129
Bad Checksum - idPage: 66048, tyPage: 0, iPage: 52
Bad Checksum - idPage: 74017, tyPage: 2, iPage: 349
Bad Checksum - idPage: 82432, tyPage: 0, iPage: 256
Bad Checksum - idPage: 98816, tyPage: 0, iPage: 352
Bad Checksum - idPage: 114690, tyPage: 0, iPage: 126
Bad Checksum - idPage: 115200, tyPage: 0, iPage: 100
Bad Checksum - idPage: 122920, tyPage: 13, iPage: 313
Bad Checksum - idPage: 131584, tyPage: 0, iPage: 230
Bad Checksum - idPage: 164352, tyPage: 0, iPage: 228
Bad Checksum - idPage: 180736, tyPage: 0, iPage: 68
Bad Checksum - idPage: 196616, tyPage: 1, iPage: 121
Bad Checksum - idPage: 196713, tyPage: 6, iPage: 293
Bad Checksum - idPage: 197120, tyPage: 0, iPage: 158
Bad Checksum - idPage: 262160, tyPage: 1, iPage: 361
Bad Checksum - idPage: 262656, tyPage: 0, iPage: 244
Bad Checksum - idPage: 327796, tyPage: 7, iPage: 351
Bad Checksum - idPage: 355681, tyPage: 6, iPage: 125
Bad Checksum - idPage: 358753, tyPage: 7, iPage: 325
Bad Checksum - idPage: 389632, tyPage: 0, iPage: 53
Bad Checksum - idPage: 393264, tyPage: 3, iPage: 305
Bad Checksum - idPage: 501504, tyPage: 10, iPage: 29
Bad Checksum - idPage: 524288, tyPage: 3, iPage: 115
Bad Checksum - idPage: 536344, tyPage: 7, iPage: 315
Bad Checksum - idPage: 589840, tyPage: 1, iPage: 195
Bad Checksum - idPage: 676528, tyPage: 9, iPage: 329
Bad Checksum - idPage: 720922, tyPage: 3, iPage: 281
Bad Checksum - idPage: 786434, tyPage: 0, iPage: 91
Bad Checksum - idPage: 786530, tyPage: 6, iPage: 233
Bad Checksum - idPage: 796160, tyPage: 4, iPage: 165
Bad Checksum - idPage: 806628, tyPage: 7, iPage: 1
Bad Checksum - idPage: 852016, tyPage: 2, iPage: 227
Bad Checksum - idPage: 852069, tyPage: 6, iPage: 219
Bad Checksum - idPage: 871288, tyPage: 5, iPage: 337
Bad Checksum - idPage: 983552, tyPage: 15, iPage: 92
Bad Checksum - idPage: 1015808, tyPage: 3, iPage: 359
Bad Checksum - idPage: 1016320, tyPage: 15, iPage: 90
Bad Checksum - idPage: 1048574, tyPage: 15, iPage: 57
Bad Checksum - idPage: 1048575, tyPage: 15, iPage: 5
